c:\users\kamil\documents\visual studio 2015\projects\project1\project1\debug\vc140.pdb
c:\users\kamil\documents\visual studio 2015\projects\project1\project1\debug\vc140.idb
c:\users\kamil\documents\visual studio 2015\projects\project1\project1\debug\kolejka.obj
c:\users\kamil\documents\visual studio 2015\projects\project1\project1\debug\konfiguracja.obj
c:\users\kamil\documents\visual studio 2015\projects\project1\project1\debug\main.obj
c:\users\kamil\documents\visual studio 2015\projects\project1\project1\debug\plansza.obj
c:\users\kamil\documents\visual studio 2015\projects\project1\project1\debug\snake.obj
c:\users\kamil\documents\visual studio 2015\projects\project1\debug\project1.pdb
c:\users\kamil\documents\visual studio 2015\projects\project1\project1\debug\project1.tlog\cl.command.1.tlog
c:\users\kamil\documents\visual studio 2015\projects\project1\project1\debug\project1.tlog\cl.read.1.tlog
c:\users\kamil\documents\visual studio 2015\projects\project1\project1\debug\project1.tlog\cl.write.1.tlog
c:\users\kamil\documents\visual studio 2015\projects\project1\project1\debug\project1.tlog\link.7392-cvtres.read.1.tlog
c:\users\kamil\documents\visual studio 2015\projects\project1\project1\debug\project1.tlog\link.7392-cvtres.write.1.tlog
c:\users\kamil\documents\visual studio 2015\projects\project1\project1\debug\project1.tlog\link.7392-rc.read.1.tlog
c:\users\kamil\documents\visual studio 2015\projects\project1\project1\debug\project1.tlog\link.7392-rc.write.1.tlog
c:\users\kamil\documents\visual studio 2015\projects\project1\project1\debug\project1.tlog\link.7392.read.1.tlog
c:\users\kamil\documents\visual studio 2015\projects\project1\project1\debug\project1.tlog\link.7392.write.1.tlog
c:\users\kamil\documents\visual studio 2015\projects\project1\project1\debug\project1.tlog\link.command.1.tlog
c:\users\kamil\documents\visual studio 2015\projects\project1\project1\debug\project1.tlog\link.read.1.tlog
c:\users\kamil\documents\visual studio 2015\projects\project1\project1\debug\project1.tlog\link.write.1.tlog
